  [1m[35m (232.3ms)[0m  [1m[35mCREATE DATABASE "ror_fintech_development" ENCODING = 'unicode'[0m
  [1m[35m (187.6ms)[0m  [1m[35mCREATE DATABASE "ror_fintech_test" ENCODING = 'unicode'[0m
Started GET "/" for 127.0.0.1 at 2023-10-16 11:31:37 +0300
  [1m[35m (17.1ms)[0m  [1m[35mCREATE TABLE "schema_migrations" ("version" character varying NOT NULL PRIMARY KEY)[0m
  [1m[35m (9.1ms)[0m  [1m[35mCREATE TABLE "ar_internal_metadata" ("key" character varying NOT NULL PRIMARY KEY, "value" character varying, "created_at" timestamp(6) NOT NULL, "updated_at" timestamp(6) NOT NULL)[0m
  [1m[36mActiveRecord::SchemaMigration Load (2.6ms)[0m  [1m[34mSELECT "schema_migrations"."version" FROM "schema_migrations" ORDER BY "schema_migrations"."version" ASC[0m
Processing by Rails::WelcomeController#index as HTML
  Rendering C:/Users/mmriz/.local/share/gem/ruby/3.2.0/gems/railties-7.1.1/lib/rails/templates/rails/welcome/index.html.erb
  Rendered C:/Users/mmriz/.local/share/gem/ruby/3.2.0/gems/railties-7.1.1/lib/rails/templates/rails/welcome/index.html.erb (Duration: 1.2ms | Allocations: 378)
Completed 200 OK in 113ms (Views: 26.0ms | ActiveRecord: 0.0ms | Allocations: 8952)


Started GET "/" for 127.0.0.1 at 2023-10-16 11:32:06 +0300
Processing by Rails::WelcomeController#index as HTML
  Rendering C:/Users/mmriz/.local/share/gem/ruby/3.2.0/gems/railties-7.1.1/lib/rails/templates/rails/welcome/index.html.erb
  Rendered C:/Users/mmriz/.local/share/gem/ruby/3.2.0/gems/railties-7.1.1/lib/rails/templates/rails/welcome/index.html.erb (Duration: 0.9ms | Allocations: 264)
Completed 200 OK in 6ms (Views: 2.7ms | ActiveRecord: 0.0ms | Allocations: 903)


Started GET "/" for 127.0.0.1 at 2023-10-16 11:32:19 +0300
Processing by Rails::WelcomeController#index as HTML
  Rendering C:/Users/mmriz/.local/share/gem/ruby/3.2.0/gems/railties-7.1.1/lib/rails/templates/rails/welcome/index.html.erb
  Rendered C:/Users/mmriz/.local/share/gem/ruby/3.2.0/gems/railties-7.1.1/lib/rails/templates/rails/welcome/index.html.erb (Duration: 0.1ms | Allocations: 12)
Completed 200 OK in 2ms (Views: 1.1ms | ActiveRecord: 0.0ms | Allocations: 219)


Started GET "/" for 127.0.0.1 at 2023-10-16 12:08:23 +0300
  [1m[36mActiveRecord::SchemaMigration Load (2.0ms)[0m  [1m[34mSELECT "schema_migrations"."version" FROM "schema_migrations" ORDER BY "schema_migrations"."version" ASC[0m
  
ActiveRecord::PendingMigrationError (

Migrations are pending. To resolve this issue, run:

        bin/rails db:migrate

You have 1 pending migration:

db/migrate/20231016084710_create_users.rb


):
  
activerecord (7.1.1) lib/active_record/migration.rb:753:in `check_pending_migrations'
activerecord (7.1.1) lib/active_record/migration.rb:642:in `block (2 levels) in call'
activesupport (7.1.1) lib/active_support/file_update_checker.rb:85:in `execute'
activerecord (7.1.1) lib/active_record/migration.rb:647:in `block in call'
activerecord (7.1.1) lib/active_record/migration.rb:639:in `synchronize'
activerecord (7.1.1) lib/active_record/migration.rb:639:in `call'
actionpack (7.1.1) lib/action_dispatch/middleware/callbacks.rb:29:in `block in call'
activesupport (7.1.1) lib/active_support/callbacks.rb:101:in `run_callbacks'
actionpack (7.1.1) lib/action_dispatch/middleware/callbacks.rb:28:in `call'
actionpack (7.1.1) lib/action_dispatch/middleware/executor.rb:14:in `call'
actionpack (7.1.1) lib/action_dispatch/middleware/actionable_exceptions.rb:16:in `call'
actionpack (7.1.1) lib/action_dispatch/middleware/debug_exceptions.rb:29:in `call'
web-console (4.2.1) lib/web_console/middleware.rb:132:in `call_app'
web-console (4.2.1) lib/web_console/middleware.rb:28:in `block in call'
web-console (4.2.1) lib/web_console/middleware.rb:17:in `catch'
web-console (4.2.1) lib/web_console/middleware.rb:17:in `call'
actionpack (7.1.1) lib/action_dispatch/middleware/show_exceptions.rb:31:in `call'
railties (7.1.1) lib/rails/rack/logger.rb:37:in `call_app'
railties (7.1.1) lib/rails/rack/logger.rb:24:in `block in call'
activesupport (7.1.1) lib/active_support/tagged_logging.rb:135:in `block in tagged'
activesupport (7.1.1) lib/active_support/tagged_logging.rb:39:in `tagged'
activesupport (7.1.1) lib/active_support/tagged_logging.rb:135:in `tagged'
activesupport (7.1.1) lib/active_support/broadcast_logger.rb:232:in `method_missing'
railties (7.1.1) lib/rails/rack/logger.rb:24:in `call'
sprockets-rails (3.4.2) lib/sprockets/rails/quiet_assets.rb:13:in `call'
actionpack (7.1.1) lib/action_dispatch/middleware/remote_ip.rb:92:in `call'
actionpack (7.1.1) lib/action_dispatch/middleware/request_id.rb:28:in `call'
rack (3.0.8) lib/rack/method_override.rb:28:in `call'
rack (3.0.8) lib/rack/runtime.rb:24:in `call'
activesupport (7.1.1) lib/active_support/cache/strategy/local_cache_middleware.rb:29:in `call'
actionpack (7.1.1) lib/action_dispatch/middleware/server_timing.rb:59:in `block in call'
actionpack (7.1.1) lib/action_dispatch/middleware/server_timing.rb:24:in `collect_events'
actionpack (7.1.1) lib/action_dispatch/middleware/server_timing.rb:58:in `call'
actionpack (7.1.1) lib/action_dispatch/middleware/executor.rb:14:in `call'
actionpack (7.1.1) lib/action_dispatch/middleware/static.rb:25:in `call'
rack (3.0.8) lib/rack/sendfile.rb:114:in `call'
actionpack (7.1.1) lib/action_dispatch/middleware/host_authorization.rb:141:in `call'
railties (7.1.1) lib/rails/engine.rb:529:in `call'
puma (6.4.0) lib/puma/configuration.rb:272:in `call'
puma (6.4.0) lib/puma/request.rb:100:in `block in handle_request'
puma (6.4.0) lib/puma/thread_pool.rb:378:in `with_force_shutdown'
puma (6.4.0) lib/puma/request.rb:99:in `handle_request'
puma (6.4.0) lib/puma/server.rb:443:in `process_client'
puma (6.4.0) lib/puma/server.rb:241:in `block in run'
puma (6.4.0) lib/puma/thread_pool.rb:155:in `block in spawn_thread'
  [1m[35m (0.6ms)[0m  [1m[34mSELECT pg_try_advisory_lock(4506378623957503965)[0m
  [1m[36mActiveRecord::SchemaMigration Load (1.4ms)[0m  [1m[34mSELECT "schema_migrations"."version" FROM "schema_migrations" ORDER BY "schema_migrations"."version" ASC[0m
  [1m[36mActiveRecord::InternalMetadata Load (2.3ms)[0m  [1m[34mSELECT * FROM "ar_internal_metadata" WHERE "ar_internal_metadata"."key" = $1 ORDER BY "ar_internal_metadata"."key" ASC LIMIT 1[0m  [[nil, "environment"]]
  [1m[36mActiveRecord::InternalMetadata Create (1.7ms)[0m  [1m[32mINSERT INTO "ar_internal_metadata" ("key", "value", "created_at", "updated_at") VALUES ('environment', 'development', '2023-10-16 09:08:46.593111', '2023-10-16 09:08:46.593115') RETURNING "key"[0m
Migrating to CreateUsers (20231016084710)
  [1m[36mTRANSACTION (0.3ms)[0m  [1m[35mBEGIN[0m
  [1m[35m (13.5ms)[0m  [1m[35mCREATE TABLE "users" ("id" bigserial primary key, "first_name" character varying NOT NULL, "last_name" character varying NOT NULL, "created_at" timestamp(6) NOT NULL, "updated_at" timestamp(6) NOT NULL)[0m
  [1m[36mActiveRecord::SchemaMigration Create (0.6ms)[0m  [1m[32mINSERT INTO "schema_migrations" ("version") VALUES ('20231016084710') RETURNING "version"[0m
  [1m[36mTRANSACTION (0.5ms)[0m  [1m[35mCOMMIT[0m
  [1m[35m (0.8ms)[0m  [1m[34mSELECT pg_advisory_unlock(4506378623957503965)[0m
  [1m[36mActiveRecord::SchemaMigration Load (0.6ms)[0m  [1m[34mSELECT "schema_migrations"."version" FROM "schema_migrations" ORDER BY "schema_migrations"."version" ASC[0m
Started GET "/" for 127.0.0.1 at 2023-10-16 12:08:49 +0300
  [1m[36mActiveRecord::SchemaMigration Load (0.4ms)[0m  [1m[34mSELECT "schema_migrations"."version" FROM "schema_migrations" ORDER BY "schema_migrations"."version" ASC[0m
Processing by UsersController#index as HTML
  Rendering layout layouts/application.html.erb
  Rendering users/index.html.erb within layouts/application
  [1m[36mUser Load (2.8ms)[0m  [1m[34mSELECT "users".* FROM "users"[0m
  ↳ app/views/users/index.html.erb:6
  Rendered users/index.html.erb within layouts/application (Duration: 8.7ms | Allocations: 1268)
  Rendered layout layouts/application.html.erb (Duration: 3508.1ms | Allocations: 137622)
Completed 500 Internal Server Error in 3606ms (ActiveRecord: 2.8ms | Allocations: 149491)


  
ActionView::Template::Error (Permission denied @ rb_file_s_rename - (D:/repos/ror/ror_fintech/tmp/cache/assets/sprockets/v4.0.0/4f/4fgr2FZm21ax3HSeLIPDpKbSLJKlEY9uuGQoEO24SeA.cache.25600.32444.280096, D:/repos/ror/ror_fintech/tmp/cache/assets/sprockets/v4.0.0/4f/4fgr2FZm21ax3HSeLIPDpKbSLJKlEY9uuGQoEO24SeA.cache)):
  
sprockets (4.2.1) lib/sprockets/path_utils.rb:362:in `rename'
sprockets (4.2.1) lib/sprockets/path_utils.rb:362:in `atomic_write'
sprockets (4.2.1) lib/sprockets/cache/file_store.rb:112:in `set'
sprockets (4.2.1) lib/sprockets/cache.rb:227:in `set'
sprockets (4.2.1) lib/sprockets/cache.rb:143:in `set'
sprockets (4.2.1) lib/sprockets/loader.rb:343:in `fetch_asset_from_dependency_cache'
sprockets (4.2.1) lib/sprockets/loader.rb:43:in `load'
sprockets (4.2.1) lib/sprockets/cached_environment.rb:44:in `block in load'
concurrent-ruby (1.2.2) lib/concurrent-ruby/concurrent/map.rb:207:in `block in fetch_or_store'
concurrent-ruby (1.2.2) lib/concurrent-ruby/concurrent/map.rb:187:in `fetch'
concurrent-ruby (1.2.2) lib/concurrent-ruby/concurrent/map.rb:206:in `fetch_or_store'
sprockets (4.2.1) lib/sprockets/cached_environment.rb:44:in `load'
sprockets (4.2.1) lib/sprockets/bundle.rb:32:in `block in call'
C:/Ruby32-x64/lib/ruby/3.2.0/set.rb:511:in `each_key'
C:/Ruby32-x64/lib/ruby/3.2.0/set.rb:511:in `each'
sprockets (4.2.1) lib/sprockets/bundle.rb:31:in `call'
sprockets (4.2.1) lib/sprockets/processor_utils.rb:84:in `call_processor'
sprockets (4.2.1) lib/sprockets/processor_utils.rb:66:in `block in call_processors'
sprockets (4.2.1) lib/sprockets/processor_utils.rb:65:in `reverse_each'
sprockets (4.2.1) lib/sprockets/processor_utils.rb:65:in `call_processors'
sprockets (4.2.1) lib/sprockets/loader.rb:184:in `load_from_unloaded'
sprockets (4.2.1) lib/sprockets/loader.rb:59:in `block in load'
sprockets (4.2.1) lib/sprockets/loader.rb:339:in `fetch_asset_from_dependency_cache'
sprockets (4.2.1) lib/sprockets/loader.rb:43:in `load'
sprockets (4.2.1) lib/sprockets/cached_environment.rb:44:in `block in load'
concurrent-ruby (1.2.2) lib/concurrent-ruby/concurrent/map.rb:207:in `block in fetch_or_store'
concurrent-ruby (1.2.2) lib/concurrent-ruby/concurrent/map.rb:187:in `fetch'
concurrent-ruby (1.2.2) lib/concurrent-ruby/concurrent/map.rb:206:in `fetch_or_store'
sprockets (4.2.1) lib/sprockets/cached_environment.rb:44:in `load'
sprockets (4.2.1) lib/sprockets/base.rb:81:in `find_asset'
sprockets (4.2.1) lib/sprockets/base.rb:88:in `find_all_linked_assets'
sprockets (4.2.1) lib/sprockets/manifest.rb:125:in `each'
sprockets (4.2.1) lib/sprockets/manifest.rb:125:in `to_a'
sprockets (4.2.1) lib/sprockets/manifest.rb:125:in `block (2 levels) in find'
concurrent-ruby (1.2.2) lib/concurrent-ruby/concurrent/executor/safe_task_executor.rb:24:in `block in execute'
concurrent-ruby (1.2.2) lib/concurrent-ruby/concurrent/synchronization/mutex_lockable_object.rb:48:in `block in synchronize'
concurrent-ruby (1.2.2) lib/concurrent-ruby/concurrent/synchronization/mutex_lockable_object.rb:48:in `synchronize'
concurrent-ruby (1.2.2) lib/concurrent-ruby/concurrent/synchronization/mutex_lockable_object.rb:48:in `synchronize'
concurrent-ruby (1.2.2) lib/concurrent-ruby/concurrent/executor/safe_task_executor.rb:22:in `execute'
concurrent-ruby (1.2.2) lib/concurrent-ruby/concurrent/promise.rb:564:in `block in realize'
concurrent-ruby (1.2.2) lib/concurrent-ruby/concurrent/executor/ruby_thread_pool_executor.rb:352:in `run_task'
concurrent-ruby (1.2.2) lib/concurrent-ruby/concurrent/executor/ruby_thread_pool_executor.rb:343:in `block (3 levels) in create_worker'
concurrent-ruby (1.2.2) lib/concurrent-ruby/concurrent/executor/ruby_thread_pool_executor.rb:334:in `loop'
concurrent-ruby (1.2.2) lib/concurrent-ruby/concurrent/executor/ruby_thread_pool_executor.rb:334:in `block (2 levels) in create_worker'
concurrent-ruby (1.2.2) lib/concurrent-ruby/concurrent/executor/ruby_thread_pool_executor.rb:333:in `catch'
concurrent-ruby (1.2.2) lib/concurrent-ruby/concurrent/executor/ruby_thread_pool_executor.rb:333:in `block in create_worker'
Started GET "/" for 127.0.0.1 at 2023-10-16 12:09:22 +0300
  [1m[36mActiveRecord::SchemaMigration Load (1.9ms)[0m  [1m[34mSELECT "schema_migrations"."version" FROM "schema_migrations" ORDER BY "schema_migrations"."version" ASC[0m
Processing by UsersController#index as HTML
  Rendering layout layouts/application.html.erb
  Rendering users/index.html.erb within layouts/application
  [1m[36mUser Load (1.5ms)[0m  [1m[34mSELECT "users".* FROM "users"[0m
  ↳ app/views/users/index.html.erb:6
  Rendered users/index.html.erb within layouts/application (Duration: 7.5ms | Allocations: 1426)
  Rendered layout layouts/application.html.erb (Duration: 336.7ms | Allocations: 67410)
Completed 500 Internal Server Error in 394ms (ActiveRecord: 1.5ms | Allocations: 78408)


  
ActionView::Template::Error (Asset `popper.js` was not declared to be precompiled in production.
Declare links to your assets in `app/assets/config/manifest.js`.

  //= link popper.js

and restart your server):
     7:     <%= csp_meta_tag %>
     8: 
     9:     <%= stylesheet_link_tag "application", "data-turbo-track": "reload" %>
    10:     <%= javascript_importmap_tags %>
    11:   </head>
    12: 
    13:   <body>
  
app/views/layouts/application.html.erb:10
Started GET "/" for 127.0.0.1 at 2023-10-16 12:10:56 +0300
Processing by UsersController#index as HTML
  Rendering layout layouts/application.html.erb
  Rendering users/index.html.erb within layouts/application
  [1m[36mUser Load (0.6ms)[0m  [1m[34mSELECT "users".* FROM "users"[0m
  ↳ app/views/users/index.html.erb:6
  Rendered users/index.html.erb within layouts/application (Duration: 3.0ms | Allocations: 591)
  Rendered layout layouts/application.html.erb (Duration: 88.6ms | Allocations: 33841)
Completed 500 Internal Server Error in 91ms (ActiveRecord: 0.6ms | Allocations: 34106)


  
ActionView::Template::Error (Asset `popper.js` was not declared to be precompiled in production.
Declare links to your assets in `app/assets/config/manifest.js`.

  //= link popper.js

and restart your server):
     7:     <%= csp_meta_tag %>
     8: 
     9:     <%= stylesheet_link_tag "application", "data-turbo-track": "reload" %>
    10:     <%= javascript_importmap_tags %>
    11:   </head>
    12: 
    13:   <body>
  
app/views/layouts/application.html.erb:10
Started GET "/" for 127.0.0.1 at 2023-10-16 12:11:12 +0300
  [1m[36mActiveRecord::SchemaMigration Load (1.4ms)[0m  [1m[34mSELECT "schema_migrations"."version" FROM "schema_migrations" ORDER BY "schema_migrations"."version" ASC[0m
Processing by UsersController#index as HTML
  Rendering layout layouts/application.html.erb
  Rendering users/index.html.erb within layouts/application
  [1m[36mUser Load (1.7ms)[0m  [1m[34mSELECT "users".* FROM "users"[0m
  ↳ app/views/users/index.html.erb:6
  Rendered users/index.html.erb within layouts/application (Duration: 23.9ms | Allocations: 1426)
  Rendered layout layouts/application.html.erb (Duration: 254.2ms | Allocations: 59094)
Completed 200 OK in 337ms (Views: 275.7ms | ActiveRecord: 1.7ms | Allocations: 70140)


Started GET "/users/new" for 127.0.0.1 at 2023-10-16 12:11:16 +0300
Processing by UsersController#new as HTML
  Rendering layout layouts/application.html.erb
  Rendering users/new.html.erb within layouts/application
  Rendered users/_form.html.erb (Duration: 48.0ms | Allocations: 5776)
  Rendered users/new.html.erb within layouts/application (Duration: 50.1ms | Allocations: 6099)
  Rendered layout layouts/application.html.erb (Duration: 71.0ms | Allocations: 12206)
Completed 200 OK in 117ms (Views: 72.6ms | ActiveRecord: 17.1ms | Allocations: 21512)


Started POST "/users" for 127.0.0.1 at 2023-10-16 12:11:24 +0300
Processing by UsersController#create as TURBO_STREAM
  Parameters: {"authenticity_token"=>"[FILTERED]", "user"=>{"first_name"=>"test", "last_name"=>"test"}, "commit"=>"Create User"}
  [1m[36mTRANSACTION (0.3ms)[0m  [1m[35mBEGIN[0m
  ↳ app/controllers/users_controller.rb:27:in `block in create'
  [1m[36mUser Create (3.5ms)[0m  [1m[32mINSERT INTO "users" ("first_name", "last_name", "created_at", "updated_at") VALUES ($1, $2, $3, $4) RETURNING "id"[0m  [["first_name", "test"], ["last_name", "test"], ["created_at", "2023-10-16 09:11:24.350566"], ["updated_at", "2023-10-16 09:11:24.350566"]]
  ↳ app/controllers/users_controller.rb:27:in `block in create'
  [1m[36mTRANSACTION (1.1ms)[0m  [1m[35mCOMMIT[0m
  ↳ app/controllers/users_controller.rb:27:in `block in create'
Redirected to http://127.0.0.1:3000/users/1
Completed 302 Found in 13ms (ActiveRecord: 4.8ms | Allocations: 3491)


Started GET "/users/1" for 127.0.0.1 at 2023-10-16 12:11:24 +0300
Processing by UsersController#show as TURBO_STREAM
  Parameters: {"id"=>"1"}
  [1m[36mUser Load (0.3ms)[0m  [1m[34mSELECT "users".* FROM "users" WHERE "users"."id" = $1 LIMIT $2[0m  [["id", 1], ["LIMIT", 1]]
  ↳ app/controllers/users_controller.rb:63:in `set_user'
  Rendering layout layouts/application.html.erb
  Rendering users/show.html.erb within layouts/application
  Rendered users/_user.html.erb (Duration: 0.6ms | Allocations: 183)
  Rendered users/show.html.erb within layouts/application (Duration: 7.3ms | Allocations: 1401)
  Rendered layout layouts/application.html.erb (Duration: 28.1ms | Allocations: 7504)
Completed 200 OK in 38ms (Views: 29.2ms | ActiveRecord: 0.6ms | Allocations: 10632)


Started GET "/users" for 127.0.0.1 at 2023-10-16 12:11:41 +0300
Processing by UsersController#index as HTML
  Rendering layout layouts/application.html.erb
  Rendering users/index.html.erb within layouts/application
  [1m[36mUser Load (0.6ms)[0m  [1m[34mSELECT "users".* FROM "users"[0m
  ↳ app/views/users/index.html.erb:6
  Rendered users/_user.html.erb (Duration: 0.1ms | Allocations: 17)
  Rendered users/index.html.erb within layouts/application (Duration: 3.4ms | Allocations: 862)
  Rendered layout layouts/application.html.erb (Duration: 22.2ms | Allocations: 6970)
Completed 200 OK in 25ms (Views: 23.1ms | ActiveRecord: 0.6ms | Allocations: 7253)


Started GET "/users/1" for 127.0.0.1 at 2023-10-16 12:11:45 +0300
Processing by UsersController#show as HTML
  Parameters: {"id"=>"1"}
  [1m[36mUser Load (0.5ms)[0m  [1m[34mSELECT "users".* FROM "users" WHERE "users"."id" = $1 LIMIT $2[0m  [["id", 1], ["LIMIT", 1]]
  ↳ app/controllers/users_controller.rb:63:in `set_user'
  Rendering layout layouts/application.html.erb
  Rendering users/show.html.erb within layouts/application
  Rendered users/_user.html.erb (Duration: 0.1ms | Allocations: 17)
  Rendered users/show.html.erb within layouts/application (Duration: 2.0ms | Allocations: 554)
  Rendered layout layouts/application.html.erb (Duration: 25.2ms | Allocations: 6657)
Completed 200 OK in 34ms (Views: 28.2ms | ActiveRecord: 0.4ms | Allocations: 7353)


Started GET "/users/new" for 127.0.0.1 at 2023-10-16 12:11:50 +0300
Processing by UsersController#new as HTML
  Rendering layout layouts/application.html.erb
  Rendering users/new.html.erb within layouts/application
  Rendered users/_form.html.erb (Duration: 2.1ms | Allocations: 828)
  Rendered users/new.html.erb within layouts/application (Duration: 3.3ms | Allocations: 908)
  Rendered layout layouts/application.html.erb (Duration: 34.9ms | Allocations: 7123)
Completed 200 OK in 38ms (Views: 36.3ms | ActiveRecord: 0.0ms | Allocations: 7402)


Started POST "/users" for 127.0.0.1 at 2023-10-16 12:11:52 +0300
Processing by UsersController#create as TURBO_STREAM
  Parameters: {"authenticity_token"=>"[FILTERED]", "user"=>{"first_name"=>"asdf", "last_name"=>"asdfsd"}, "commit"=>"Create User"}
  [1m[36mTRANSACTION (0.3ms)[0m  [1m[35mBEGIN[0m
  ↳ app/controllers/users_controller.rb:27:in `block in create'
  [1m[36mUser Create (3.1ms)[0m  [1m[32mINSERT INTO "users" ("first_name", "last_name", "created_at", "updated_at") VALUES ($1, $2, $3, $4) RETURNING "id"[0m  [["first_name", "asdf"], ["last_name", "asdfsd"], ["created_at", "2023-10-16 09:11:52.803699"], ["updated_at", "2023-10-16 09:11:52.803699"]]
  ↳ app/controllers/users_controller.rb:27:in `block in create'
  [1m[36mTRANSACTION (0.6ms)[0m  [1m[35mCOMMIT[0m
  ↳ app/controllers/users_controller.rb:27:in `block in create'
Redirected to http://127.0.0.1:3000/users/2
Completed 302 Found in 12ms (ActiveRecord: 4.0ms | Allocations: 1991)


Started GET "/users/2" for 127.0.0.1 at 2023-10-16 12:11:52 +0300
Processing by UsersController#show as TURBO_STREAM
  Parameters: {"id"=>"2"}
  [1m[36mUser Load (0.5ms)[0m  [1m[34mSELECT "users".* FROM "users" WHERE "users"."id" = $1 LIMIT $2[0m  [["id", 2], ["LIMIT", 1]]
  ↳ app/controllers/users_controller.rb:63:in `set_user'
  Rendering layout layouts/application.html.erb
  Rendering users/show.html.erb within layouts/application
  Rendered users/_user.html.erb (Duration: 0.1ms | Allocations: 17)
  Rendered users/show.html.erb within layouts/application (Duration: 1.6ms | Allocations: 555)
  Rendered layout layouts/application.html.erb (Duration: 22.8ms | Allocations: 6677)
Completed 200 OK in 28ms (Views: 24.1ms | ActiveRecord: 0.4ms | Allocations: 7361)


  [1m[35m (0.2ms)[0m  [1m[34mSELECT pg_try_advisory_lock(4506378623957503965)[0m
  [1m[36mActiveRecord::SchemaMigration Load (1.6ms)[0m  [1m[34mSELECT "schema_migrations"."version" FROM "schema_migrations" ORDER BY "schema_migrations"."version" ASC[0m
  [1m[36mActiveRecord::InternalMetadata Load (3.4ms)[0m  [1m[34mSELECT * FROM "ar_internal_metadata" WHERE "ar_internal_metadata"."key" = $1 ORDER BY "ar_internal_metadata"."key" ASC LIMIT 1[0m  [[nil, "environment"]]
Migrating to AddDeviseToUsers (20231016091909)
  [1m[36mTRANSACTION (0.3ms)[0m  [1m[35mBEGIN[0m
  [1m[35m (4.2ms)[0m  [1m[35mALTER TABLE "users" ADD "email" character varying DEFAULT '' NOT NULL[0m
  [1m[35m (0.7ms)[0m  [1m[35mALTER TABLE "users" ADD "encrypted_password" character varying DEFAULT '' NOT NULL[0m
  [1m[35m (0.3ms)[0m  [1m[35mALTER TABLE "users" ADD "reset_password_token" character varying[0m
  [1m[35m (0.5ms)[0m  [1m[35mALTER TABLE "users" ADD "reset_password_sent_at" timestamp(6)[0m
  [1m[35m (0.5ms)[0m  [1m[35mALTER TABLE "users" ADD "remember_created_at" timestamp(6)[0m
  [1m[35m (0.4ms)[0m  [1m[35mALTER TABLE "users" ADD "confirmation_token" character varying[0m
  [1m[35m (0.2ms)[0m  [1m[35mALTER TABLE "users" ADD "confirmed_at" timestamp(6)[0m
  [1m[35m (0.3ms)[0m  [1m[35mALTER TABLE "users" ADD "confirmation_sent_at" timestamp(6)[0m
  [1m[35m (1.1ms)[0m  [1m[35mALTER TABLE "users" ADD "unconfirmed_email" character varying[0m
  [1m[35m (11.6ms)[0m  [1m[35mCREATE UNIQUE INDEX "index_users_on_email" ON "users" ("email")[0m
  [1m[36mTRANSACTION (0.3ms)[0m  [1m[31mROLLBACK[0m
  [1m[35m (0.5ms)[0m  [1m[34mSELECT pg_advisory_unlock(4506378623957503965)[0m
  [1m[35m (0.2ms)[0m  [1m[34mSELECT pg_try_advisory_lock(4506378623957503965)[0m
  [1m[36mActiveRecord::SchemaMigration Load (0.9ms)[0m  [1m[34mSELECT "schema_migrations"."version" FROM "schema_migrations" ORDER BY "schema_migrations"."version" ASC[0m
  [1m[36mActiveRecord::InternalMetadata Load (1.1ms)[0m  [1m[34mSELECT * FROM "ar_internal_metadata" WHERE "ar_internal_metadata"."key" = $1 ORDER BY "ar_internal_metadata"."key" ASC LIMIT 1[0m  [[nil, "environment"]]
Migrating to AddDeviseToUsers (20231016091909)
  [1m[36mTRANSACTION (0.1ms)[0m  [1m[35mBEGIN[0m
  [1m[35m (1.8ms)[0m  [1m[35mALTER TABLE "users" ADD "email" character varying DEFAULT '' NOT NULL[0m
  [1m[35m (0.2ms)[0m  [1m[35mALTER TABLE "users" ADD "encrypted_password" character varying DEFAULT '' NOT NULL[0m
  [1m[35m (0.1ms)[0m  [1m[35mALTER TABLE "users" ADD "reset_password_token" character varying[0m
  [1m[35m (0.1ms)[0m  [1m[35mALTER TABLE "users" ADD "reset_password_sent_at" timestamp(6)[0m
  [1m[35m (0.1ms)[0m  [1m[35mALTER TABLE "users" ADD "remember_created_at" timestamp(6)[0m
  [1m[35m (0.1ms)[0m  [1m[35mALTER TABLE "users" ADD "confirmation_token" character varying[0m
  [1m[35m (0.1ms)[0m  [1m[35mALTER TABLE "users" ADD "confirmed_at" timestamp(6)[0m
  [1m[35m (0.2ms)[0m  [1m[35mALTER TABLE "users" ADD "confirmation_sent_at" timestamp(6)[0m
  [1m[35m (0.1ms)[0m  [1m[35mALTER TABLE "users" ADD "unconfirmed_email" character varying[0m
  [1m[35m (4.3ms)[0m  [1m[35mCREATE UNIQUE INDEX "index_users_on_email" ON "users" ("email")[0m
  [1m[36mTRANSACTION (0.2ms)[0m  [1m[31mROLLBACK[0m
  [1m[35m (0.5ms)[0m  [1m[34mSELECT pg_advisory_unlock(4506378623957503965)[0m
  [1m[36mActiveRecord::SchemaMigration Load (1.0ms)[0m  [1m[34mSELECT "schema_migrations"."version" FROM "schema_migrations" ORDER BY "schema_migrations"."version" ASC[0m
  [1m[36mActiveRecord::InternalMetadata Load (1.3ms)[0m  [1m[34mSELECT * FROM "ar_internal_metadata" WHERE "ar_internal_metadata"."key" = $1 ORDER BY "ar_internal_metadata"."key" ASC LIMIT 1[0m  [[nil, "environment"]]
  [1m[36mActiveRecord::SchemaMigration Load (0.1ms)[0m  [1m[34mSELECT "schema_migrations"."version" FROM "schema_migrations" ORDER BY "schema_migrations"."version" ASC[0m
  [1m[36mActiveRecord::InternalMetadata Load (0.2ms)[0m  [1m[34mSELECT * FROM "ar_internal_metadata" WHERE "ar_internal_metadata"."key" = $1 ORDER BY "ar_internal_metadata"."key" ASC LIMIT 1[0m  [[nil, "environment"]]
  [1m[36mActiveRecord::SchemaMigration Load (0.2ms)[0m  [1m[34mSELECT "schema_migrations"."version" FROM "schema_migrations" ORDER BY "schema_migrations"."version" ASC[0m
  [1m[36mActiveRecord::InternalMetadata Load (0.3ms)[0m  [1m[34mSELECT * FROM "ar_internal_metadata" WHERE "ar_internal_metadata"."key" = $1 ORDER BY "ar_internal_metadata"."key" ASC LIMIT 1[0m  [[nil, "environment"]]
  [1m[35m (224.3ms)[0m  [1m[35mDROP DATABASE IF EXISTS "ror_fintech_development"[0m
  [1m[35m (103.3ms)[0m  [1m[35mDROP DATABASE IF EXISTS "ror_fintech_test"[0m
  [1m[35m (227.0ms)[0m  [1m[35mCREATE DATABASE "ror_fintech_development" ENCODING = 'unicode'[0m
  [1m[35m (212.2ms)[0m  [1m[35mCREATE DATABASE "ror_fintech_test" ENCODING = 'unicode'[0m
  [1m[35m (7.9ms)[0m  [1m[35mCREATE TABLE "schema_migrations" ("version" character varying NOT NULL PRIMARY KEY)[0m
  [1m[35m (4.5ms)[0m  [1m[35mCREATE TABLE "ar_internal_metadata" ("key" character varying NOT NULL PRIMARY KEY, "value" character varying, "created_at" timestamp(6) NOT NULL, "updated_at" timestamp(6) NOT NULL)[0m
  [1m[35m (0.1ms)[0m  [1m[34mSELECT pg_try_advisory_lock(4506378623957503965)[0m
  [1m[36mActiveRecord::SchemaMigration Load (1.3ms)[0m  [1m[34mSELECT "schema_migrations"."version" FROM "schema_migrations" ORDER BY "schema_migrations"."version" ASC[0m
  [1m[36mActiveRecord::InternalMetadata Load (1.3ms)[0m  [1m[34mSELECT * FROM "ar_internal_metadata" WHERE "ar_internal_metadata"."key" = $1 ORDER BY "ar_internal_metadata"."key" ASC LIMIT 1[0m  [[nil, "environment"]]
  [1m[36mActiveRecord::InternalMetadata Create (0.9ms)[0m  [1m[32mINSERT INTO "ar_internal_metadata" ("key", "value", "created_at", "updated_at") VALUES ('environment', 'development', '2023-10-16 09:23:59.272361', '2023-10-16 09:23:59.272365') RETURNING "key"[0m
Migrating to CreateUsers (20231016084710)
  [1m[36mTRANSACTION (0.2ms)[0m  [1m[35mBEGIN[0m
  [1m[35m (8.7ms)[0m  [1m[35mCREATE TABLE "users" ("id" bigserial primary key, "first_name" character varying NOT NULL, "last_name" character varying DEFAULT '' NOT NULL, "created_at" timestamp(6) NOT NULL, "updated_at" timestamp(6) NOT NULL)[0m
  [1m[36mActiveRecord::SchemaMigration Create (0.5ms)[0m  [1m[32mINSERT INTO "schema_migrations" ("version") VALUES ('20231016084710') RETURNING "version"[0m
  [1m[36mTRANSACTION (0.4ms)[0m  [1m[35mCOMMIT[0m
Migrating to AddDeviseToUsers (20231016091909)
  [1m[36mTRANSACTION (0.5ms)[0m  [1m[35mBEGIN[0m
  [1m[35m (0.6ms)[0m  [1m[35mALTER TABLE "users" ADD "email" character varying DEFAULT '' NOT NULL[0m
  [1m[35m (0.7ms)[0m  [1m[35mALTER TABLE "users" ADD "encrypted_password" character varying DEFAULT '' NOT NULL[0m
  [1m[35m (0.4ms)[0m  [1m[35mALTER TABLE "users" ADD "reset_password_token" character varying[0m
  [1m[35m (0.2ms)[0m  [1m[35mALTER TABLE "users" ADD "reset_password_sent_at" timestamp(6)[0m
  [1m[35m (0.2ms)[0m  [1m[35mALTER TABLE "users" ADD "remember_created_at" timestamp(6)[0m
  [1m[35m (0.1ms)[0m  [1m[35mALTER TABLE "users" ADD "confirmation_token" character varying[0m
  [1m[35m (0.4ms)[0m  [1m[35mALTER TABLE "users" ADD "confirmed_at" timestamp(6)[0m
  [1m[35m (0.3ms)[0m  [1m[35mALTER TABLE "users" ADD "confirmation_sent_at" timestamp(6)[0m
  [1m[35m (1.5ms)[0m  [1m[35mALTER TABLE "users" ADD "unconfirmed_email" character varying[0m
  [1m[35m (3.5ms)[0m  [1m[35mCREATE UNIQUE INDEX "index_users_on_email" ON "users" ("email")[0m
  [1m[35m (4.2ms)[0m  [1m[35mCREATE UNIQUE INDEX "index_users_on_reset_password_token" ON "users" ("reset_password_token")[0m
  [1m[36mActiveRecord::SchemaMigration Create (0.9ms)[0m  [1m[32mINSERT INTO "schema_migrations" ("version") VALUES ('20231016091909') RETURNING "version"[0m
  [1m[36mTRANSACTION (0.5ms)[0m  [1m[35mCOMMIT[0m
  [1m[35m (0.3ms)[0m  [1m[34mSELECT pg_advisory_unlock(4506378623957503965)[0m
  [1m[36mActiveRecord::SchemaMigration Load (0.3ms)[0m  [1m[34mSELECT "schema_migrations"."version" FROM "schema_migrations" ORDER BY "schema_migrations"."version" ASC[0m
  [1m[35m (0.1ms)[0m  [1m[34mSELECT pg_try_advisory_lock(4506378623957503965)[0m
  [1m[36mActiveRecord::SchemaMigration Load (2.4ms)[0m  [1m[34mSELECT "schema_migrations"."version" FROM "schema_migrations" ORDER BY "schema_migrations"."version" ASC[0m
  [1m[36mActiveRecord::InternalMetadata Load (2.6ms)[0m  [1m[34mSELECT * FROM "ar_internal_metadata" WHERE "ar_internal_metadata"."key" = $1 ORDER BY "ar_internal_metadata"."key" ASC LIMIT 1[0m  [[nil, "environment"]]
  [1m[35m (0.5ms)[0m  [1m[34mSELECT pg_advisory_unlock(4506378623957503965)[0m
  [1m[36mActiveRecord::SchemaMigration Load (0.3ms)[0m  [1m[34mSELECT "schema_migrations"."version" FROM "schema_migrations" ORDER BY "schema_migrations"."version" ASC[0m
  [1m[36mActiveRecord::SchemaMigration Load (0.9ms)[0m  [1m[34mSELECT "schema_migrations"."version" FROM "schema_migrations" ORDER BY "schema_migrations"."version" ASC[0m
  [1m[36mActiveRecord::InternalMetadata Load (1.1ms)[0m  [1m[34mSELECT * FROM "ar_internal_metadata" WHERE "ar_internal_metadata"."key" = $1 ORDER BY "ar_internal_metadata"."key" ASC LIMIT 1[0m  [[nil, "environment"]]
  [1m[36mActiveRecord::SchemaMigration Load (0.1ms)[0m  [1m[34mSELECT "schema_migrations"."version" FROM "schema_migrations" ORDER BY "schema_migrations"."version" ASC[0m
  [1m[36mActiveRecord::InternalMetadata Load (0.2ms)[0m  [1m[34mSELECT * FROM "ar_internal_metadata" WHERE "ar_internal_metadata"."key" = $1 ORDER BY "ar_internal_metadata"."key" ASC LIMIT 1[0m  [[nil, "environment"]]
  [1m[36mActiveRecord::SchemaMigration Load (0.1ms)[0m  [1m[34mSELECT "schema_migrations"."version" FROM "schema_migrations" ORDER BY "schema_migrations"."version" ASC[0m
  [1m[36mActiveRecord::InternalMetadata Load (0.1ms)[0m  [1m[34mSELECT * FROM "ar_internal_metadata" WHERE "ar_internal_metadata"."key" = $1 ORDER BY "ar_internal_metadata"."key" ASC LIMIT 1[0m  [[nil, "environment"]]
  [1m[35m (477.1ms)[0m  [1m[35mDROP DATABASE IF EXISTS "ror_fintech_development"[0m
  [1m[35m (102.3ms)[0m  [1m[35mDROP DATABASE IF EXISTS "ror_fintech_test"[0m
  [1m[35m (206.5ms)[0m  [1m[35mCREATE DATABASE "ror_fintech_development" ENCODING = 'unicode'[0m
  [1m[35m (211.5ms)[0m  [1m[35mCREATE DATABASE "ror_fintech_test" ENCODING = 'unicode'[0m
  [1m[35m (150.2ms)[0m  [1m[35mCREATE TABLE "schema_migrations" ("version" character varying NOT NULL PRIMARY KEY)[0m
  [1m[35m (12.9ms)[0m  [1m[35mCREATE TABLE "ar_internal_metadata" ("key" character varying NOT NULL PRIMARY KEY, "value" character varying, "created_at" timestamp(6) NOT NULL, "updated_at" timestamp(6) NOT NULL)[0m
  [1m[35m (0.2ms)[0m  [1m[34mSELECT pg_try_advisory_lock(4506378623957503965)[0m
  [1m[36mActiveRecord::SchemaMigration Load (0.9ms)[0m  [1m[34mSELECT "schema_migrations"."version" FROM "schema_migrations" ORDER BY "schema_migrations"."version" ASC[0m
  [1m[36mActiveRecord::InternalMetadata Load (1.0ms)[0m  [1m[34mSELECT * FROM "ar_internal_metadata" WHERE "ar_internal_metadata"."key" = $1 ORDER BY "ar_internal_metadata"."key" ASC LIMIT 1[0m  [[nil, "environment"]]
  [1m[36mActiveRecord::InternalMetadata Create (0.6ms)[0m  [1m[32mINSERT INTO "ar_internal_metadata" ("key", "value", "created_at", "updated_at") VALUES ('environment', 'development', '2023-10-16 09:24:51.485612', '2023-10-16 09:24:51.485616') RETURNING "key"[0m
Migrating to CreateUsers (20231016084710)
  [1m[36mTRANSACTION (0.1ms)[0m  [1m[35mBEGIN[0m
  [1m[35m (6.4ms)[0m  [1m[35mCREATE TABLE "users" ("id" bigserial primary key, "first_name" character varying NOT NULL, "last_name" character varying DEFAULT '' NOT NULL, "created_at" timestamp(6) NOT NULL, "updated_at" timestamp(6) NOT NULL)[0m
  [1m[36mActiveRecord::SchemaMigration Create (0.5ms)[0m  [1m[32mINSERT INTO "schema_migrations" ("version") VALUES ('20231016084710') RETURNING "version"[0m
  [1m[36mTRANSACTION (0.3ms)[0m  [1m[35mCOMMIT[0m
Migrating to AddDeviseToUsers (20231016091909)
  [1m[36mTRANSACTION (0.8ms)[0m  [1m[35mBEGIN[0m
  [1m[35m (2.9ms)[0m  [1m[35mALTER TABLE "users" ADD "email" character varying NOT NULL[0m
  [1m[35m (1.1ms)[0m  [1m[35mALTER TABLE "users" ADD "encrypted_password" character varying NOT NULL[0m
  [1m[35m (0.4ms)[0m  [1m[35mALTER TABLE "users" ADD "reset_password_token" character varying[0m
  [1m[35m (0.2ms)[0m  [1m[35mALTER TABLE "users" ADD "reset_password_sent_at" timestamp(6)[0m
  [1m[35m (0.3ms)[0m  [1m[35mALTER TABLE "users" ADD "remember_created_at" timestamp(6)[0m
  [1m[35m (0.3ms)[0m  [1m[35mALTER TABLE "users" ADD "confirmation_token" character varying[0m
  [1m[35m (0.5ms)[0m  [1m[35mALTER TABLE "users" ADD "confirmed_at" timestamp(6)[0m
  [1m[35m (0.4ms)[0m  [1m[35mALTER TABLE "users" ADD "confirmation_sent_at" timestamp(6)[0m
  [1m[35m (0.4ms)[0m  [1m[35mALTER TABLE "users" ADD "unconfirmed_email" character varying[0m
  [1m[35m (5.7ms)[0m  [1m[35mCREATE UNIQUE INDEX "index_users_on_email" ON "users" ("email")[0m
  [1m[35m (2.5ms)[0m  [1m[35mCREATE UNIQUE INDEX "index_users_on_reset_password_token" ON "users" ("reset_password_token")[0m
  [1m[36mActiveRecord::SchemaMigration Create (0.7ms)[0m  [1m[32mINSERT INTO "schema_migrations" ("version") VALUES ('20231016091909') RETURNING "version"[0m
  [1m[36mTRANSACTION (0.6ms)[0m  [1m[35mCOMMIT[0m
  [1m[35m (0.3ms)[0m  [1m[34mSELECT pg_advisory_unlock(4506378623957503965)[0m
  [1m[36mActiveRecord::SchemaMigration Load (0.3ms)[0m  [1m[34mSELECT "schema_migrations"."version" FROM "schema_migrations" ORDER BY "schema_migrations"."version" ASC[0m
Started GET "/users/2" for 127.0.0.1 at 2023-10-16 12:25:13 +0300
  
NoMethodError (undefined method `devise_for' for #<ActionDispatch::Routing::Mapper:0x0000022343d49d98 @set=#<ActionDispatch::Routing::RouteSet:0x0000022341782ee8>, @draw_paths=[#<Pathname:C:/Users/mmriz/.local/share/gem/ruby/3.2.0/gems/actionview-7.1.1/config/routes>, #<Pathname:C:/Users/mmriz/.local/share/gem/ruby/3.2.0/gems/activestorage-7.1.1/config/routes>, #<Pathname:C:/Users/mmriz/.local/share/gem/ruby/3.2.0/gems/actionmailbox-7.1.1/config/routes>, #<Pathname:C:/Users/mmriz/.local/share/gem/ruby/3.2.0/gems/actiontext-7.1.1/config/routes>, #<Pathname:C:/Users/mmriz/.local/share/gem/ruby/3.2.0/gems/actioncable-7.1.1/config/routes>, #<Pathname:C:/Users/mmriz/.local/share/gem/ruby/3.2.0/gems/importmap-rails-1.2.1/config/routes>, #<Pathname:C:/Users/mmriz/.local/share/gem/ruby/3.2.0/gems/turbo-rails-1.5.0/config/routes>, #<Pathname:C:/Users/mmriz/.local/share/gem/ruby/3.2.0/gems/stimulus-rails-1.3.0/config/routes>, #<Pathname:C:/Users/mmriz/.local/share/gem/ruby/3.2.0/gems/popper_js-2.11.8/config/routes>, #<Pathname:C:/Users/mmriz/.local/share/gem/ruby/3.2.0/gems/bootstrap-5.3.1/config/routes>, #<Pathname:D:/repos/ror/ror_fintech/config/routes>, #<Pathname:D:/repos/ror/ror_fintech/config/routes>], @scope=#<ActionDispatch::Routing::Mapper::Scope:0x0000022343c278c0 @hash={:path_names=>{:new=>"new", :edit=>"edit"}}, @parent=#<ActionDispatch::Routing::Mapper::Scope:0x0000022341424df0 @hash=nil, @parent=nil, @scope_level=nil>, @scope_level=nil>, @concerns={}>):
  
config/routes.rb:2:in `block in <main>'
config/routes.rb:1:in `<main>'
Started GET "/users/2" for 127.0.0.1 at 2023-10-16 12:25:44 +0300
  
NoMethodError (undefined method `devise_for' for #<ActionDispatch::Routing::Mapper:0x00000223411babf0 @set=#<ActionDispatch::Routing::RouteSet:0x0000022341782ee8>, @draw_paths=[#<Pathname:C:/Users/mmriz/.local/share/gem/ruby/3.2.0/gems/actionview-7.1.1/config/routes>, #<Pathname:C:/Users/mmriz/.local/share/gem/ruby/3.2.0/gems/activestorage-7.1.1/config/routes>, #<Pathname:C:/Users/mmriz/.local/share/gem/ruby/3.2.0/gems/actionmailbox-7.1.1/config/routes>, #<Pathname:C:/Users/mmriz/.local/share/gem/ruby/3.2.0/gems/actiontext-7.1.1/config/routes>, #<Pathname:C:/Users/mmriz/.local/share/gem/ruby/3.2.0/gems/actioncable-7.1.1/config/routes>, #<Pathname:C:/Users/mmriz/.local/share/gem/ruby/3.2.0/gems/importmap-rails-1.2.1/config/routes>, #<Pathname:C:/Users/mmriz/.local/share/gem/ruby/3.2.0/gems/turbo-rails-1.5.0/config/routes>, #<Pathname:C:/Users/mmriz/.local/share/gem/ruby/3.2.0/gems/stimulus-rails-1.3.0/config/routes>, #<Pathname:C:/Users/mmriz/.local/share/gem/ruby/3.2.0/gems/popper_js-2.11.8/config/routes>, #<Pathname:C:/Users/mmriz/.local/share/gem/ruby/3.2.0/gems/bootstrap-5.3.1/config/routes>, #<Pathname:D:/repos/ror/ror_fintech/config/routes>, #<Pathname:D:/repos/ror/ror_fintech/config/routes>], @scope=#<ActionDispatch::Routing::Mapper::Scope:0x0000022344656aa8 @hash={:path_names=>{:new=>"new", :edit=>"edit"}}, @parent=#<ActionDispatch::Routing::Mapper::Scope:0x0000022341424df0 @hash=nil, @parent=nil, @scope_level=nil>, @scope_level=nil>, @concerns={}>):
  
config/routes.rb:2:in `block in <main>'
config/routes.rb:1:in `<main>'
Started GET "/" for 127.0.0.1 at 2023-10-16 12:25:48 +0300
  [1m[36mActiveRecord::SchemaMigration Load (1.1ms)[0m  [1m[34mSELECT "schema_migrations"."version" FROM "schema_migrations" ORDER BY "schema_migrations"."version" ASC[0m
  
ActionController::RoutingError (No route matches [GET] "/"):
  
Started GET "/" for 127.0.0.1 at 2023-10-16 12:27:15 +0300
  
NoMethodError (undefined method `devise_for' for #<ActionDispatch::Routing::Mapper:0x0000022342f863c8 @set=#<ActionDispatch::Routing::RouteSet:0x0000022341782ee8>, @draw_paths=[#<Pathname:C:/Users/mmriz/.local/share/gem/ruby/3.2.0/gems/actionview-7.1.1/config/routes>, #<Pathname:C:/Users/mmriz/.local/share/gem/ruby/3.2.0/gems/activestorage-7.1.1/config/routes>, #<Pathname:C:/Users/mmriz/.local/share/gem/ruby/3.2.0/gems/actionmailbox-7.1.1/config/routes>, #<Pathname:C:/Users/mmriz/.local/share/gem/ruby/3.2.0/gems/actiontext-7.1.1/config/routes>, #<Pathname:C:/Users/mmriz/.local/share/gem/ruby/3.2.0/gems/actioncable-7.1.1/config/routes>, #<Pathname:C:/Users/mmriz/.local/share/gem/ruby/3.2.0/gems/importmap-rails-1.2.1/config/routes>, #<Pathname:C:/Users/mmriz/.local/share/gem/ruby/3.2.0/gems/turbo-rails-1.5.0/config/routes>, #<Pathname:C:/Users/mmriz/.local/share/gem/ruby/3.2.0/gems/stimulus-rails-1.3.0/config/routes>, #<Pathname:C:/Users/mmriz/.local/share/gem/ruby/3.2.0/gems/popper_js-2.11.8/config/routes>, #<Pathname:C:/Users/mmriz/.local/share/gem/ruby/3.2.0/gems/bootstrap-5.3.1/config/routes>, #<Pathname:D:/repos/ror/ror_fintech/config/routes>, #<Pathname:D:/repos/ror/ror_fintech/config/routes>], @scope=#<ActionDispatch::Routing::Mapper::Scope:0x0000022343897d40 @hash={:path_names=>{:new=>"new", :edit=>"edit"}}, @parent=#<ActionDispatch::Routing::Mapper::Scope:0x0000022341424df0 @hash=nil, @parent=nil, @scope_level=nil>, @scope_level=nil>, @concerns={}>):
  
config/routes.rb:2:in `block in <main>'
config/routes.rb:1:in `<main>'
Started GET "/" for 127.0.0.1 at 2023-10-16 12:27:18 +0300
  
ActionController::RoutingError (No route matches [GET] "/"):
  
Started GET "/" for 127.0.0.1 at 2023-10-16 12:27:21 +0300
  
ActionController::RoutingError (No route matches [GET] "/"):
  
Started GET "/" for 127.0.0.1 at 2023-10-16 12:27:37 +0300
  [1m[36mActiveRecord::SchemaMigration Load (1.2ms)[0m  [1m[34mSELECT "schema_migrations"."version" FROM "schema_migrations" ORDER BY "schema_migrations"."version" ASC[0m
Processing by UsersController#index as HTML
Completed 401 Unauthorized in 29ms (ActiveRecord: 0.0ms | Allocations: 4433)


Started GET "/users/sign_in" for 127.0.0.1 at 2023-10-16 12:27:37 +0300
Processing by Devise::SessionsController#new as HTML
  Rendering layout layouts/application.html.erb
  Rendering devise/sessions/new.html.erb within layouts/application
  Rendered devise/shared/_links.html.erb (Duration: 1.5ms | Allocations: 695)
  Rendered devise/sessions/new.html.erb within layouts/application (Duration: 26.3ms | Allocations: 3936)
  Rendered layout layouts/application.html.erb (Duration: 167.8ms | Allocations: 58558)
Completed 200 OK in 267ms (Views: 198.9ms | ActiveRecord: 15.6ms | Allocations: 82563)


Started GET "/users/sign_in" for 127.0.0.1 at 2023-10-16 12:28:44 +0300
Processing by Devise::SessionsController#new as HTML
  Rendering layout layouts/application.html.erb
  Rendering devise/sessions/new.html.erb within layouts/application
  Rendered devise/shared/_links.html.erb (Duration: 1.4ms | Allocations: 665)
  Rendered devise/sessions/new.html.erb within layouts/application (Duration: 5.4ms | Allocations: 1961)
  Rendered layout layouts/application.html.erb (Duration: 47.6ms | Allocations: 25201)
Completed 200 OK in 65ms (Views: 56.2ms | ActiveRecord: 2.4ms | Allocations: 32433)


Started GET "/users/sign_up" for 127.0.0.1 at 2023-10-16 12:29:00 +0300
Processing by Devise::RegistrationsController#new as HTML
  Rendering layout layouts/application.html.erb
  Rendering devise/registrations/new.html.erb within layouts/application
  Rendered devise/shared/_error_messages.html.erb (Duration: 1.3ms | Allocations: 223)
  Rendered devise/shared/_links.html.erb (Duration: 1.4ms | Allocations: 563)
  Rendered devise/registrations/new.html.erb within layouts/application (Duration: 9.6ms | Allocations: 2810)
  Rendered layout layouts/application.html.erb (Duration: 67.5ms | Allocations: 26087)
Completed 200 OK in 123ms (Views: 113.3ms | ActiveRecord: 3.0ms | Allocations: 33265)


Started POST "/users" for 127.0.0.1 at 2023-10-16 12:29:15 +0300
Processing by Devise::RegistrationsController#create as TURBO_STREAM
  Parameters: {"authenticity_token"=>"[FILTERED]", "user"=>{"first_name"=>"Riz", "last_name"=>"", "email"=>"admin@test.com", "password"=>"[FILTERED]", "password_confirmation"=>"[FILTERED]"}, "commit"=>"Sign up"}
  [1m[36mTRANSACTION (0.4ms)[0m  [1m[35mBEGIN[0m
  [1m[36mUser Exists? (6.0ms)[0m  [1m[34mSELECT 1 AS one FROM "users" WHERE "users"."email" = $1 LIMIT $2[0m  [["email", "admin@test.com"], ["LIMIT", 1]]
  [1m[36mUser Create (1.0ms)[0m  [1m[32mINSERT INTO "users" ("first_name", "last_name", "created_at", "updated_at", "email", "encrypted_password", "reset_password_token", "reset_password_sent_at", "remember_created_at", "confirmation_token", "confirmed_at", "confirmation_sent_at", "unconfirmed_email") VALUES ($1, $2, $3, $4, $5, $6, $7, $8, $9, $10, $11, $12, $13) RETURNING "id"[0m  [["first_name", "Riz"], ["last_name", ""], ["created_at", "2023-10-16 09:29:15.719200"], ["updated_at", "2023-10-16 09:29:15.719200"], ["email", "admin@test.com"], ["encrypted_password", "[FILTERED]"], ["reset_password_token", "[FILTERED]"], ["reset_password_sent_at", "[FILTERED]"], ["remember_created_at", nil], ["confirmation_token", "[FILTERED]"], ["confirmed_at", nil], ["confirmation_sent_at", nil], ["unconfirmed_email", nil]]
  [1m[36mTRANSACTION (1.5ms)[0m  [1m[35mCOMMIT[0m
Redirected to http://127.0.0.1:3000/
Completed 303 See Other in 285ms (ActiveRecord: 8.7ms | Allocations: 12873)


Started GET "/" for 127.0.0.1 at 2023-10-16 12:29:15 +0300
Processing by UsersController#index as TURBO_STREAM
  [1m[36mUser Load (0.3ms)[0m  [1m[34mSELECT "users".* FROM "users" WHERE "users"."id" = $1 ORDER BY "users"."id" ASC LIMIT $2[0m  [["id", 1], ["LIMIT", 1]]
  Rendering layout layouts/application.html.erb
  Rendering users/index.html.erb within layouts/application
  [1m[36mUser Load (0.4ms)[0m  [1m[34mSELECT "users".* FROM "users"[0m
  ↳ app/views/users/index.html.erb:6
  Rendered users/_user.html.erb (Duration: 1.1ms | Allocations: 184)
  Rendered users/index.html.erb within layouts/application (Duration: 8.0ms | Allocations: 1382)
  Rendered layout layouts/application.html.erb (Duration: 27.1ms | Allocations: 7587)
Completed 200 OK in 40ms (Views: 31.0ms | ActiveRecord: 1.0ms | Allocations: 10335)


Started GET "/users/1" for 127.0.0.1 at 2023-10-16 12:29:23 +0300
Processing by UsersController#show as HTML
  Parameters: {"id"=>"1"}
  [1m[36mUser Load (0.4ms)[0m  [1m[34mSELECT "users".* FROM "users" WHERE "users"."id" = $1 ORDER BY "users"."id" ASC LIMIT $2[0m  [["id", 1], ["LIMIT", 1]]
  [1m[36mUser Load (0.4ms)[0m  [1m[34mSELECT "users".* FROM "users" WHERE "users"."id" = $1 LIMIT $2[0m  [["id", 1], ["LIMIT", 1]]
  ↳ app/controllers/users_controller.rb:63:in `set_user'
  Rendering layout layouts/application.html.erb
  Rendering users/show.html.erb within layouts/application
  Rendered users/_user.html.erb (Duration: 0.1ms | Allocations: 17)
  Rendered users/show.html.erb within layouts/application (Duration: 2.0ms | Allocations: 476)
  Rendered layout layouts/application.html.erb (Duration: 19.9ms | Allocations: 6583)
Completed 200 OK in 30ms (Views: 21.2ms | ActiveRecord: 0.8ms | Allocations: 9520)


Started GET "/users" for 127.0.0.1 at 2023-10-16 12:29:28 +0300
Processing by UsersController#index as HTML
  [1m[36mUser Load (0.6ms)[0m  [1m[34mSELECT "users".* FROM "users" WHERE "users"."id" = $1 ORDER BY "users"."id" ASC LIMIT $2[0m  [["id", 1], ["LIMIT", 1]]
  Rendering layout layouts/application.html.erb
  Rendering users/index.html.erb within layouts/application
  [1m[36mUser Load (0.5ms)[0m  [1m[34mSELECT "users".* FROM "users"[0m
  ↳ app/views/users/index.html.erb:6
  Rendered users/_user.html.erb (Duration: 0.1ms | Allocations: 17)
  Rendered users/index.html.erb within layouts/application (Duration: 2.6ms | Allocations: 603)
  Rendered layout layouts/application.html.erb (Duration: 25.4ms | Allocations: 6714)
Completed 200 OK in 34ms (Views: 26.6ms | ActiveRecord: 1.1ms | Allocations: 8463)


Started GET "/users/1" for 127.0.0.1 at 2023-10-16 12:29:46 +0300
Processing by UsersController#show as HTML
  Parameters: {"id"=>"1"}
  [1m[36mUser Load (0.4ms)[0m  [1m[34mSELECT "users".* FROM "users" WHERE "users"."id" = $1 ORDER BY "users"."id" ASC LIMIT $2[0m  [["id", 1], ["LIMIT", 1]]
  [1m[36mUser Load (0.3ms)[0m  [1m[34mSELECT "users".* FROM "users" WHERE "users"."id" = $1 LIMIT $2[0m  [["id", 1], ["LIMIT", 1]]
  ↳ app/controllers/users_controller.rb:63:in `set_user'
  Rendering layout layouts/application.html.erb
  Rendering users/show.html.erb within layouts/application
  Rendered users/_user.html.erb (Duration: 0.1ms | Allocations: 17)
  Rendered users/show.html.erb within layouts/application (Duration: 1.5ms | Allocations: 268)
  Rendered layout layouts/application.html.erb (Duration: 34.8ms | Allocations: 6374)
Completed 200 OK in 43ms (Views: 37.1ms | ActiveRecord: 0.7ms | Allocations: 8540)


Started GET "/users/1" for 127.0.0.1 at 2023-10-16 12:30:02 +0300
Processing by UsersController#show as HTML
  Parameters: {"id"=>"1"}
Completed 401 Unauthorized in 1ms (ActiveRecord: 0.0ms | Allocations: 189)


Started GET "/users/sign_in" for 127.0.0.1 at 2023-10-16 12:30:02 +0300
Processing by Devise::SessionsController#new as HTML
  Rendering layout layouts/application.html.erb
  Rendering devise/sessions/new.html.erb within layouts/application
  Rendered devise/shared/_links.html.erb (Duration: 1.3ms | Allocations: 241)
  Rendered devise/sessions/new.html.erb within layouts/application (Duration: 5.9ms | Allocations: 1401)
  Rendered layout layouts/application.html.erb (Duration: 24.5ms | Allocations: 7519)
Completed 200 OK in 32ms (Views: 29.0ms | ActiveRecord: 0.0ms | Allocations: 8537)


Started GET "/users/sign_up" for 127.0.0.1 at 2023-10-16 12:30:06 +0300
Processing by Devise::RegistrationsController#new as HTML
  Rendering layout layouts/application.html.erb
  Rendering devise/registrations/new.html.erb within layouts/application
  Rendered devise/shared/_error_messages.html.erb (Duration: 0.0ms | Allocations: 12)
  Rendered devise/shared/_links.html.erb (Duration: 0.3ms | Allocations: 126)
  Rendered devise/registrations/new.html.erb within layouts/application (Duration: 2.4ms | Allocations: 1351)
  Rendered layout layouts/application.html.erb (Duration: 24.4ms | Allocations: 7586)
Completed 200 OK in 27ms (Views: 25.6ms | ActiveRecord: 0.0ms | Allocations: 8206)


Started GET "/users/sign_up" for 127.0.0.1 at 2023-10-16 12:30:53 +0300
Processing by Devise::RegistrationsController#new as HTML
  Rendering layout layouts/application.html.erb
  Rendering devise/registrations/new.html.erb within layouts/application
  Rendered devise/shared/_error_messages.html.erb (Duration: 0.7ms | Allocations: 213)
  Rendered devise/shared/_links.html.erb (Duration: 1.6ms | Allocations: 1697)
  Rendered devise/registrations/new.html.erb within layouts/application (Duration: 9.1ms | Allocations: 3791)
  Rendered layout layouts/application.html.erb (Duration: 9.7ms | Allocations: 3878)
Completed 500 Internal Server Error in 27ms (ActiveRecord: 2.6ms | Allocations: 10960)


  
ActionView::Template::Error (undefined method `new_confirmation_path' for #<ActionView::Base:0x0000000001b7d8>):
    11: <% end %>
    12: 
    13: <%- if devise_mapping.confirmable? && controller_name != 'confirmations' %>
    14:   <%= link_to "Didn't receive confirmation instructions?", new_confirmation_path(resource_name) %><br />
    15: <% end %>
    16: 
    17: <%- if devise_mapping.lockable? && resource_class.unlock_strategy_enabled?(:email) && controller_name != 'unlocks' %>
  
app/views/devise/shared/_links.html.erb:14
app/views/devise/registrations/new.html.erb:39
  [1m[36mActiveRecord::SchemaMigration Load (1.2ms)[0m  [1m[34mSELECT "schema_migrations"."version" FROM "schema_migrations" ORDER BY "schema_migrations"."version" ASC[0m
  [1m[36mActiveRecord::InternalMetadata Load (1.8ms)[0m  [1m[34mSELECT * FROM "ar_internal_metadata" WHERE "ar_internal_metadata"."key" = $1 ORDER BY "ar_internal_metadata"."key" ASC LIMIT 1[0m  [[nil, "environment"]]
  [1m[36mActiveRecord::SchemaMigration Load (0.2ms)[0m  [1m[34mSELECT "schema_migrations"."version" FROM "schema_migrations" ORDER BY "schema_migrations"."version" ASC[0m
  [1m[36mActiveRecord::InternalMetadata Load (0.3ms)[0m  [1m[34mSELECT * FROM "ar_internal_metadata" WHERE "ar_internal_metadata"."key" = $1 ORDER BY "ar_internal_metadata"."key" ASC LIMIT 1[0m  [[nil, "environment"]]
  [1m[36mActiveRecord::SchemaMigration Load (0.1ms)[0m  [1m[34mSELECT "schema_migrations"."version" FROM "schema_migrations" ORDER BY "schema_migrations"."version" ASC[0m
  [1m[36mActiveRecord::InternalMetadata Load (0.2ms)[0m  [1m[34mSELECT * FROM "ar_internal_metadata" WHERE "ar_internal_metadata"."key" = $1 ORDER BY "ar_internal_metadata"."key" ASC LIMIT 1[0m  [[nil, "environment"]]
  [1m[35m (478.9ms)[0m  [1m[35mDROP DATABASE IF EXISTS "ror_fintech_development"[0m
  [1m[35m (109.3ms)[0m  [1m[35mDROP DATABASE IF EXISTS "ror_fintech_test"[0m
  [1m[35m (201.3ms)[0m  [1m[35mCREATE DATABASE "ror_fintech_development" ENCODING = 'unicode'[0m
  [1m[35m (200.9ms)[0m  [1m[35mCREATE DATABASE "ror_fintech_test" ENCODING = 'unicode'[0m
  [1m[35m (13.8ms)[0m  [1m[35mCREATE TABLE "schema_migrations" ("version" character varying NOT NULL PRIMARY KEY)[0m
  [1m[35m (4.7ms)[0m  [1m[35mCREATE TABLE "ar_internal_metadata" ("key" character varying NOT NULL PRIMARY KEY, "value" character varying, "created_at" timestamp(6) NOT NULL, "updated_at" timestamp(6) NOT NULL)[0m
  [1m[35m (0.2ms)[0m  [1m[34mSELECT pg_try_advisory_lock(4506378623957503965)[0m
  [1m[36mActiveRecord::SchemaMigration Load (0.9ms)[0m  [1m[34mSELECT "schema_migrations"."version" FROM "schema_migrations" ORDER BY "schema_migrations"."version" ASC[0m
  [1m[36mActiveRecord::InternalMetadata Load (0.9ms)[0m  [1m[34mSELECT * FROM "ar_internal_metadata" WHERE "ar_internal_metadata"."key" = $1 ORDER BY "ar_internal_metadata"."key" ASC LIMIT 1[0m  [[nil, "environment"]]
  [1m[36mActiveRecord::InternalMetadata Create (0.6ms)[0m  [1m[32mINSERT INTO "ar_internal_metadata" ("key", "value", "created_at", "updated_at") VALUES ('environment', 'development', '2023-10-16 09:31:20.251541', '2023-10-16 09:31:20.251544') RETURNING "key"[0m
Migrating to CreateUsers (20231016084710)
  [1m[36mTRANSACTION (0.1ms)[0m  [1m[35mBEGIN[0m
  [1m[35m (8.8ms)[0m  [1m[35mCREATE TABLE "users" ("id" bigserial primary key, "first_name" character varying NOT NULL, "last_name" character varying DEFAULT '' NOT NULL, "created_at" timestamp(6) NOT NULL, "updated_at" timestamp(6) NOT NULL)[0m
  [1m[36mActiveRecord::SchemaMigration Create (0.7ms)[0m  [1m[32mINSERT INTO "schema_migrations" ("version") VALUES ('20231016084710') RETURNING "version"[0m
  [1m[36mTRANSACTION (0.3ms)[0m  [1m[35mCOMMIT[0m
Migrating to AddDeviseToUsers (20231016091909)
  [1m[36mTRANSACTION (0.5ms)[0m  [1m[35mBEGIN[0m
  [1m[35m (1.9ms)[0m  [1m[35mALTER TABLE "users" ADD "email" character varying NOT NULL[0m
  [1m[35m (0.5ms)[0m  [1m[35mALTER TABLE "users" ADD "encrypted_password" character varying NOT NULL[0m
  [1m[35m (0.2ms)[0m  [1m[35mALTER TABLE "users" ADD "reset_password_token" character varying[0m
  [1m[35m (0.2ms)[0m  [1m[35mALTER TABLE "users" ADD "reset_password_sent_at" timestamp(6)[0m
  [1m[35m (0.2ms)[0m  [1m[35mALTER TABLE "users" ADD "remember_created_at" timestamp(6)[0m
  [1m[35m (0.2ms)[0m  [1m[35mALTER TABLE "users" ADD "confirmation_token" character varying[0m
  [1m[35m (0.7ms)[0m  [1m[35mALTER TABLE "users" ADD "confirmed_at" timestamp(6)[0m
  [1m[35m (0.5ms)[0m  [1m[35mALTER TABLE "users" ADD "confirmation_sent_at" timestamp(6)[0m
  [1m[35m (0.7ms)[0m  [1m[35mALTER TABLE "users" ADD "unconfirmed_email" character varying[0m
  [1m[35m (5.1ms)[0m  [1m[35mCREATE UNIQUE INDEX "index_users_on_email" ON "users" ("email")[0m
  [1m[35m (2.8ms)[0m  [1m[35mCREATE UNIQUE INDEX "index_users_on_reset_password_token" ON "users" ("reset_password_token")[0m
  [1m[36mActiveRecord::SchemaMigration Create (0.5ms)[0m  [1m[32mINSERT INTO "schema_migrations" ("version") VALUES ('20231016091909') RETURNING "version"[0m
  [1m[36mTRANSACTION (0.3ms)[0m  [1m[35mCOMMIT[0m
  [1m[35m (0.2ms)[0m  [1m[34mSELECT pg_advisory_unlock(4506378623957503965)[0m
  [1m[36mActiveRecord::SchemaMigration Load (0.4ms)[0m  [1m[34mSELECT "schema_migrations"."version" FROM "schema_migrations" ORDER BY "schema_migrations"."version" ASC[0m
Started GET "/users/sign_up" for 127.0.0.1 at 2023-10-16 12:31:37 +0300
  [1m[36mActiveRecord::SchemaMigration Load (1.1ms)[0m  [1m[34mSELECT "schema_migrations"."version" FROM "schema_migrations" ORDER BY "schema_migrations"."version" ASC[0m
Processing by Devise::RegistrationsController#new as HTML
  Rendering layout layouts/application.html.erb
  Rendering devise/registrations/new.html.erb within layouts/application
  Rendered devise/shared/_error_messages.html.erb (Duration: 0.8ms | Allocations: 238)
  Rendered devise/shared/_links.html.erb (Duration: 2.3ms | Allocations: 690)
  Rendered devise/registrations/new.html.erb within layouts/application (Duration: 20.2ms | Allocations: 4587)
  Rendered layout layouts/application.html.erb (Duration: 162.4ms | Allocations: 59278)
Completed 200 OK in 290ms (Views: 190.5ms | ActiveRecord: 14.9ms | Allocations: 86428)


Started POST "/users" for 127.0.0.1 at 2023-10-16 12:31:48 +0300
Processing by Devise::RegistrationsController#create as TURBO_STREAM
  Parameters: {"authenticity_token"=>"[FILTERED]", "user"=>{"first_name"=>"sdafsd", "last_name"=>"asdf", "email"=>"admin@test.com", "password"=>"[FILTERED]", "password_confirmation"=>"[FILTERED]"}, "commit"=>"Sign up"}
  [1m[36mTRANSACTION (0.3ms)[0m  [1m[35mBEGIN[0m
  [1m[36mUser Exists? (7.5ms)[0m  [1m[34mSELECT 1 AS one FROM "users" WHERE "users"."email" = $1 LIMIT $2[0m  [["email", "admin@test.com"], ["LIMIT", 1]]
  [1m[36mUser Create (1.2ms)[0m  [1m[32mINSERT INTO "users" ("first_name", "last_name", "created_at", "updated_at", "email", "encrypted_password", "reset_password_token", "reset_password_sent_at", "remember_created_at", "confirmation_token", "confirmed_at", "confirmation_sent_at", "unconfirmed_email") VALUES ($1, $2, $3, $4, $5, $6, $7, $8, $9, $10, $11, $12, $13) RETURNING "id"[0m  [["first_name", "sdafsd"], ["last_name", "asdf"], ["created_at", "2023-10-16 09:31:48.286295"], ["updated_at", "2023-10-16 09:31:48.286295"], ["email", "admin@test.com"], ["encrypted_password", "[FILTERED]"], ["reset_password_token", "[FILTERED]"], ["reset_password_sent_at", "[FILTERED]"], ["remember_created_at", nil], ["confirmation_token", "[FILTERED]"], ["confirmed_at", nil], ["confirmation_sent_at", "2023-10-16 09:31:48.286475"], ["unconfirmed_email", nil]]
  [1m[36mTRANSACTION (1.4ms)[0m  [1m[35mCOMMIT[0m
  Rendering devise/mailer/confirmation_instructions.html.erb
  Rendered devise/mailer/confirmation_instructions.html.erb (Duration: 2.0ms | Allocations: 321)
Devise::Mailer#confirmation_instructions: processed outbound mail in 37.8ms
Delivered mail 652d030481818_2d784560-4a5@Riz-TUF.mail (4118.1ms)
Date: Mon, 16 Oct 2023 12:31:48 +0300
From: please-change-me-at-config-initializers-devise@example.com
Reply-To: please-change-me-at-config-initializers-devise@example.com
To: admin@test.com
Message-ID: <652d030481818_2d784560-4a5@Riz-TUF.mail>
Subject: Confirmation instructions
Mime-Version: 1.0
Content-Type: text/html;
 charset=UTF-8
Content-Transfer-Encoding: 7bit

<p>Welcome admin@test.com!</p>

<p>You can confirm your account email through the link below:</p>

<p><a href="http://localhost:3000/users/confirmation?confirmation_token=ceertbNx5xi6-yH2AZLu">Confirm my account</a></p>

Redirected to http://127.0.0.1:3000/
Completed 303 See Other in 4585ms (ActiveRecord: 10.3ms | Allocations: 54376)


Started GET "/" for 127.0.0.1 at 2023-10-16 12:31:52 +0300
Processing by UsersController#index as TURBO_STREAM
Completed 401 Unauthorized in 1ms (ActiveRecord: 0.0ms | Allocations: 449)


Started GET "/users/sign_in" for 127.0.0.1 at 2023-10-16 12:31:52 +0300
Processing by Devise::SessionsController#new as TURBO_STREAM
  Rendering layout layouts/application.html.erb
  Rendering devise/sessions/new.html.erb within layouts/application
  Rendered devise/shared/_links.html.erb (Duration: 1.5ms | Allocations: 345)
  Rendered devise/sessions/new.html.erb within layouts/application (Duration: 13.9ms | Allocations: 1796)
  Rendered layout layouts/application.html.erb (Duration: 37.6ms | Allocations: 8034)
Completed 200 OK in 44ms (Views: 42.2ms | ActiveRecord: 0.0ms | Allocations: 9073)


Started POST "/users/sign_in" for 127.0.0.1 at 2023-10-16 12:32:00 +0300
Processing by Devise::SessionsController#create as TURBO_STREAM
  Parameters: {"authenticity_token"=>"[FILTERED]", "user"=>{"email"=>"admin@test.com", "password"=>"[FILTERED]", "remember_me"=>"0"}, "commit"=>"Log in"}
  [1m[36mUser Load (0.2ms)[0m  [1m[34mSELECT "users".* FROM "users" WHERE "users"."email" = $1 ORDER BY "users"."id" ASC LIMIT $2[0m  [["email", "admin@test.com"], ["LIMIT", 1]]
Completed 401 Unauthorized in 333ms (ActiveRecord: 0.5ms | Allocations: 19054)


Started GET "/users/sign_in" for 127.0.0.1 at 2023-10-16 12:32:01 +0300
Processing by Devise::SessionsController#new as TURBO_STREAM
  Rendering layout layouts/application.html.erb
  Rendering devise/sessions/new.html.erb within layouts/application
  Rendered devise/shared/_links.html.erb (Duration: 0.9ms | Allocations: 328)
  Rendered devise/sessions/new.html.erb within layouts/application (Duration: 2.6ms | Allocations: 1142)
  Rendered layout layouts/application.html.erb (Duration: 20.8ms | Allocations: 7258)
Completed 200 OK in 23ms (Views: 21.7ms | ActiveRecord: 0.0ms | Allocations: 7917)


Started GET "/users/confirmation/new" for 127.0.0.1 at 2023-10-16 12:32:06 +0300
Processing by Devise::ConfirmationsController#new as HTML
  Rendering layout layouts/application.html.erb
  Rendering devise/confirmations/new.html.erb within layouts/application
  Rendered devise/shared/_error_messages.html.erb (Duration: 0.1ms | Allocations: 12)
  Rendered devise/shared/_links.html.erb (Duration: 1.4ms | Allocations: 333)
  Rendered devise/confirmations/new.html.erb within layouts/application (Duration: 6.7ms | Allocations: 1337)
  Rendered layout layouts/application.html.erb (Duration: 25.6ms | Allocations: 7455)
Completed 200 OK in 34ms (Views: 31.2ms | ActiveRecord: 0.0ms | Allocations: 8119)


Started POST "/users/confirmation" for 127.0.0.1 at 2023-10-16 12:32:09 +0300
Processing by Devise::ConfirmationsController#create as TURBO_STREAM
  Parameters: {"authenticity_token"=>"[FILTERED]", "user"=>{"email"=>"admin@test.com"}, "commit"=>"Resend confirmation instructions"}
  [1m[36mUser Load (0.3ms)[0m  [1m[34mSELECT "users".* FROM "users" WHERE "users"."unconfirmed_email" = $1 ORDER BY "users"."id" ASC LIMIT $2[0m  [["unconfirmed_email", "admin@test.com"], ["LIMIT", 1]]
  [1m[36mUser Load (0.4ms)[0m  [1m[34mSELECT "users".* FROM "users" WHERE "users"."email" = $1 ORDER BY "users"."id" ASC LIMIT $2[0m  [["email", "admin@test.com"], ["LIMIT", 1]]
  Rendering devise/mailer/confirmation_instructions.html.erb
  Rendered devise/mailer/confirmation_instructions.html.erb (Duration: 1.0ms | Allocations: 129)
Devise::Mailer#confirmation_instructions: processed outbound mail in 3.2ms
Delivered mail 652d0319db5f0_2d78459c-3fc@Riz-TUF.mail (4090.2ms)
Date: Mon, 16 Oct 2023 12:32:09 +0300
From: please-change-me-at-config-initializers-devise@example.com
Reply-To: please-change-me-at-config-initializers-devise@example.com
To: admin@test.com
Message-ID: <652d0319db5f0_2d78459c-3fc@Riz-TUF.mail>
Subject: Confirmation instructions
Mime-Version: 1.0
Content-Type: text/html;
 charset=UTF-8
Content-Transfer-Encoding: 7bit

<p>Welcome admin@test.com!</p>

<p>You can confirm your account email through the link below:</p>

<p><a href="http://localhost:3000/users/confirmation?confirmation_token=ceertbNx5xi6-yH2AZLu">Confirm my account</a></p>

Redirected to http://127.0.0.1:3000/users/sign_in
Completed 303 See Other in 4109ms (ActiveRecord: 0.7ms | Allocations: 7087)


Started GET "/users/sign_in" for 127.0.0.1 at 2023-10-16 12:32:14 +0300
Processing by Devise::SessionsController#new as TURBO_STREAM
  Rendering layout layouts/application.html.erb
  Rendering devise/sessions/new.html.erb within layouts/application
  Rendered devise/shared/_links.html.erb (Duration: 1.7ms | Allocations: 328)
  Rendered devise/sessions/new.html.erb within layouts/application (Duration: 3.8ms | Allocations: 1142)
  Rendered layout layouts/application.html.erb (Duration: 38.8ms | Allocations: 7301)
Completed 200 OK in 42ms (Views: 39.8ms | ActiveRecord: 0.0ms | Allocations: 7963)


Started GET "/users/confirmation?confirmation_token=[FILTERED]" for 127.0.0.1 at 2023-10-16 12:34:06 +0300
Processing by Devise::ConfirmationsController#show as HTML
  Parameters: {"confirmation_token"=>"[FILTERED]"}
  [1m[36mUser Load (1.1ms)[0m  [1m[34mSELECT "users".* FROM "users" WHERE "users"."confirmation_token" = $1 ORDER BY "users"."id" ASC LIMIT $2[0m  [["confirmation_token", "[FILTERED]"], ["LIMIT", 1]]
  [1m[36mTRANSACTION (0.4ms)[0m  [1m[35mBEGIN[0m
  [1m[36mUser Update (3.7ms)[0m  [1m[33mUPDATE "users" SET "updated_at" = $1, "confirmed_at" = $2 WHERE "users"."id" = $3[0m  [["updated_at", "2023-10-16 09:34:06.140789"], ["confirmed_at", "2023-10-16 09:34:06.139111"], ["id", 1]]
  [1m[36mTRANSACTION (0.7ms)[0m  [1m[35mCOMMIT[0m
Redirected to http://localhost:3000/users/sign_in
Completed 302 Found in 24ms (ActiveRecord: 5.8ms | Allocations: 4881)


Started GET "/users/sign_in" for 127.0.0.1 at 2023-10-16 12:34:06 +0300
Processing by Devise::SessionsController#new as HTML
  Rendering layout layouts/application.html.erb
  Rendering devise/sessions/new.html.erb within layouts/application
  Rendered devise/shared/_links.html.erb (Duration: 2.1ms | Allocations: 328)
  Rendered devise/sessions/new.html.erb within layouts/application (Duration: 6.9ms | Allocations: 1149)
  Rendered layout layouts/application.html.erb (Duration: 42.6ms | Allocations: 7305)
Completed 200 OK in 47ms (Views: 44.0ms | ActiveRecord: 0.0ms | Allocations: 8011)


Started POST "/users/sign_in" for 127.0.0.1 at 2023-10-16 12:34:17 +0300
Processing by Devise::SessionsController#create as TURBO_STREAM
  Parameters: {"authenticity_token"=>"[FILTERED]", "user"=>{"email"=>"admin@test.com", "password"=>"[FILTERED]", "remember_me"=>"0"}, "commit"=>"Log in"}
  [1m[36mUser Load (0.6ms)[0m  [1m[34mSELECT "users".* FROM "users" WHERE "users"."email" = $1 ORDER BY "users"."id" ASC LIMIT $2[0m  [["email", "admin@test.com"], ["LIMIT", 1]]
Redirected to http://localhost:3000/
Completed 303 See Other in 203ms (ActiveRecord: 0.6ms | Allocations: 2660)


Started GET "/" for 127.0.0.1 at 2023-10-16 12:34:17 +0300
Processing by UsersController#index as TURBO_STREAM
  [1m[36mUser Load (0.3ms)[0m  [1m[34mSELECT "users".* FROM "users" WHERE "users"."id" = $1 ORDER BY "users"."id" ASC LIMIT $2[0m  [["id", 1], ["LIMIT", 1]]
  Rendering layout layouts/application.html.erb
  Rendering users/index.html.erb within layouts/application
  [1m[36mUser Load (0.4ms)[0m  [1m[34mSELECT "users".* FROM "users"[0m
  ↳ app/views/users/index.html.erb:6
  Rendered users/_user.html.erb (Duration: 0.9ms | Allocations: 184)
  Rendered users/index.html.erb within layouts/application (Duration: 101.1ms | Allocations: 14044)
  Rendered layout layouts/application.html.erb (Duration: 123.0ms | Allocations: 20249)
Completed 200 OK in 143ms (Views: 128.6ms | ActiveRecord: 0.7ms | Allocations: 22469)


Started GET "/" for 127.0.0.1 at 2023-10-16 14:43:10 +0300
Processing by UsersController#index as HTML
Completed 401 Unauthorized in 26ms (ActiveRecord: 0.0ms | Allocations: 1170)


Started GET "/users/sign_in" for 127.0.0.1 at 2023-10-16 14:43:13 +0300
Processing by Devise::SessionsController#new as HTML
  Rendering layout layouts/application.html.erb
  Rendering devise/sessions/new.html.erb within layouts/application
  Rendered devise/shared/_links.html.erb (Duration: 2.9ms | Allocations: 771)
  Rendered devise/sessions/new.html.erb within layouts/application (Duration: 68.7ms | Allocations: 2063)
  Rendered shared/_notification.html.erb (Duration: 0.9ms | Allocations: 172)
  Rendered layout layouts/application.html.erb (Duration: 190.1ms | Allocations: 25593)
Completed 200 OK in 374ms (Views: 213.0ms | ActiveRecord: 24.4ms | Allocations: 34875)


Started POST "/users/sign_in" for 127.0.0.1 at 2023-10-16 14:43:23 +0300
Processing by Devise::SessionsController#create as TURBO_STREAM
  Parameters: {"authenticity_token"=>"[FILTERED]", "user"=>{"email"=>"admin@test.com", "password"=>"[FILTERED]", "remember_me"=>"0"}, "commit"=>"Log in"}
  [1m[36mUser Load (4.6ms)[0m  [1m[34mSELECT "users".* FROM "users" WHERE "users"."email" = $1 ORDER BY "users"."id" ASC LIMIT $2[0m  [["email", "admin@test.com"], ["LIMIT", 1]]
Redirected to http://127.0.0.1:3000/
Completed 303 See Other in 254ms (ActiveRecord: 7.0ms | Allocations: 3159)


Started GET "/" for 127.0.0.1 at 2023-10-16 14:43:23 +0300
Processing by UsersController#index as TURBO_STREAM
  [1m[36mUser Load (0.7ms)[0m  [1m[34mSELECT "users".* FROM "users" WHERE "users"."id" = $1 ORDER BY "users"."id" ASC LIMIT $2[0m  [["id", 1], ["LIMIT", 1]]
  Rendering layout layouts/application.html.erb
  Rendering users/index.html.erb within layouts/application
  [1m[36mUser Load (0.6ms)[0m  [1m[34mSELECT "users".* FROM "users"[0m
  ↳ app/views/users/index.html.erb:6
  Rendered users/_user.html.erb (Duration: 1.3ms | Allocations: 171)
  Rendered users/index.html.erb within layouts/application (Duration: 8.3ms | Allocations: 1191)
  Rendered shared/_notification.html.erb (Duration: 0.1ms | Allocations: 13)
  Rendered layout layouts/application.html.erb (Duration: 36.9ms | Allocations: 7466)
Completed 200 OK in 51ms (Views: 42.1ms | ActiveRecord: 1.3ms | Allocations: 9601)


